[ 2017-01-19T11:13:19+08:00 ] 127.0.0.1 /
INFO: [ app_init ] --START--
INFO: Run Behavior\BuildLiteBehavior [ RunTime:0.000036s ]
INFO: [ app_init ] --END-- [ RunTime:0.000726s ]
NOTIC: [2] mysqli_get_server_info() expects exactly 1 parameter, 0 given /Users/svip_zx/www/shop/App/Manager/Conf/config.php 第 17 行.
INFO: [ app_begin ] --START--
INFO: Run Behavior\ReadHtmlCacheBehavior [ RunTime:0.000732s ]
INFO: [ app_begin ] --END-- [ RunTime:0.000915s ]

[ 2017-01-19T11:13:19+08:00 ] 127.0.0.1 /index.php/Login/index.html
INFO: [ app_init ] --START--
INFO: Run Behavior\BuildLiteBehavior [ RunTime:0.000019s ]
INFO: [ app_init ] --END-- [ RunTime:0.000331s ]
NOTIC: [2] mysqli_get_server_info() expects exactly 1 parameter, 0 given /Users/svip_zx/www/shop/App/Manager/Conf/config.php 第 17 行.
INFO: [ app_begin ] --START--
INFO: Run Behavior\ReadHtmlCacheBehavior [ RunTime:0.000249s ]
INFO: [ app_begin ] --END-- [ RunTime:0.000313s ]
ERR: 无法加载控制器:Index.php

[ 2017-01-19T11:13:19+08:00 ] 127.0.0.1 /favicon.ico
INFO: [ app_init ] --START--
INFO: Run Behavior\BuildLiteBehavior [ RunTime:0.000020s ]
INFO: [ app_init ] --END-- [ RunTime:0.000327s ]
NOTIC: [2] mysqli_get_server_info() expects exactly 1 parameter, 0 given /Users/svip_zx/www/shop/App/Manager/Conf/config.php 第 17 行.

[ 2017-01-19T12:07:56+08:00 ] 127.0.0.1 /index.php/Login/index.html
INFO: [ app_init ] --START--
INFO: Run Behavior\BuildLiteBehavior [ RunTime:0.000021s ]
INFO: [ app_init ] --END-- [ RunTime:0.000265s ]
NOTIC: [2] mysqli_get_server_info() expects exactly 1 parameter, 0 given /Users/svip_zx/www/shop/App/Manager/Conf/config.php 第 17 行.
INFO: [ app_begin ] --START--
INFO: Run Behavior\ReadHtmlCacheBehavior [ RunTime:0.000257s ]
INFO: [ app_begin ] --END-- [ RunTime:0.000323s ]
NOTIC: [2] session_start(): Cannot send session cache limiter - headers already sent (output started at /Users/svip_zx/www/shop/index.php:2) /Users/svip_zx/www/shop/Core/Common/functions.php 第 1263 行.
ERR: 无法加载控制器:Index.php
NOTIC: [2] Cannot modify header information - headers already sent by (output started at /Users/svip_zx/www/shop/index.php:2) /Users/svip_zx/www/shop/Core/Library/Think/Think.class.php 第 229 行.
NOTIC: [2] Cannot modify header information - headers already sent by (output started at /Users/svip_zx/www/shop/index.php:2) /Users/svip_zx/www/shop/Core/Library/Think/Think.class.php 第 230 行.

